<?xml version="1.0" encoding="UTF-8"?>
<testng-results skipped="0" failed="0" total="1" passed="1">
  <reporter-output>
  </reporter-output>
  <suite name="Suite" duration-ms="15106" started-at="2019-02-26T19:38:08Z" finished-at="2019-02-26T19:38:23Z">
    <groups>
    </groups>
    <test name="Test" duration-ms="15106" started-at="2019-02-26T19:38:08Z" finished-at="2019-02-26T19:38:23Z">
      <class name="xzpractice.TestMe">
        <test-method status="PASS" signature="testCase1()[pri:0, instance:xzpractice.TestMe@1593948d]" name="testCase1" duration-ms="15089" started-at="2019-02-26T14:38:08Z" finished-at="2019-02-26T14:38:23Z">
          <reporter-output>
          </reporter-output>
        </test-method> <!-- testCase1 -->
      </class> <!-- xzpractice.TestMe -->
    </test> <!-- Test -->
  </suite> <!-- Suite -->
</testng-results>
